生成启动时间为 2015/2/19 17:38:15。
     1>项目“D:\cocos2d-x-3.4\projects\myTemplate\gameServer\myServerTemplate\myServerTemplate\myServerTemplate.vcxproj”在节点 2 上(Build 个目标)。
     1>ClCompile:
         D:\软件安装\VC\bin\CL.exe /c /ZI /nologo /W3 /WX- /Od /Oy- /D WIN32 /D _DEBUG /D _CONSOLE /D _UNICODE /D UNICODE /Gm /EHsc /RTC1 /MDd /GS /fp:precise /Zc:wchar_t /Zc:forScope /Fo"Debug\\" /Fd"Debug\vc110.pdb" /Gd /TP /analyze- /errorReport:prompt Classes\main.cpp Classes\socket\SmartMessageData.cpp Classes\socket\SocketServer.cpp Classes\socket\WriteDataToBufferUtils.cpp Classes\socket\myMessageHander.cpp Classes\socket\myMessageManager.cpp Classes\socket\mySocketUtils.cpp
         mySocketUtils.cpp
     1>d:\cocos2d-x-3.4\projects\mytemplate\gameserver\myservertemplate\myservertemplate\classes\socket\mysocketutils.cpp(60): warning C4018: “<”: 有符号/无符号不匹配
         myMessageManager.cpp
         myMessageHander.cpp
         WriteDataToBufferUtils.cpp
         SocketServer.cpp
         SmartMessageData.cpp
         main.cpp
         正在生成代码...
       Link:
         D:\软件安装\VC\bin\link.exe /ERRORREPORT:PROMPT /OUT:"D:\cocos2d-x-3.4\projects\myTemplate\gameServer\myServerTemplate\Debug\myServerTemplate.exe" /INCREMENTAL /NOLOGO kernel32.lib user32.lib gdi32.lib winspool.lib comdlg32.lib advapi32.lib shell32.lib ole32.lib oleaut32.lib uuid.lib odbc32.lib odbccp32.lib /MANIFEST /MANIFESTUAC:"level='asInvoker' uiAccess='false'" /manifest:embed /DEBUG /PDB:"D:\cocos2d-x-3.4\projects\myTemplate\gameServer\myServerTemplate\Debug\myServerTemplate.pdb" /SUBSYSTEM:CONSOLE /TLBID:1 /DYNAMICBASE /NXCOMPAT /IMPLIB:"D:\cocos2d-x-3.4\projects\myTemplate\gameServer\myServerTemplate\Debug\myServerTemplate.lib" /MACHINE:X86 Debug\main.obj
         Debug\myMessageHander.obj
         Debug\myMessageManager.obj
         Debug\mySocketUtils.obj
         Debug\SmartMessageData.obj
         Debug\SocketServer.obj
         Debug\WriteDataToBufferUtils.obj
         myServerTemplate.vcxproj -> D:\cocos2d-x-3.4\projects\myTemplate\gameServer\myServerTemplate\Debug\myServerTemplate.exe
     1>已完成生成项目“D:\cocos2d-x-3.4\projects\myTemplate\gameServer\myServerTemplate\myServerTemplate\myServerTemplate.vcxproj”(Build 个目标)的操作。

生成成功。

已用时间 00:00:23.60
